[INFO ] [2021-06-02 15:00:10,891] mo trang nopcommerce
[INFO ] [2021-06-02 15:00:10,922] click to register link
[INFO ] [2021-06-02 15:00:19,058]  -------------------------- FAILED -------------------------- 
[INFO ] [2021-06-02 15:00:25,444]  -------------------------- FAILED -------------------------- 
[INFO ] [2021-06-02 15:00:25,490]  -------------------------- FAILED -------------------------- 
[INFO ] [2021-06-02 15:00:35,695]  -------------------------- FAILED -------------------------- 
[INFO ] [2021-06-02 15:00:45,875]  -------------------------- PASSED -------------------------- 
[INFO ] [2021-06-02 15:14:16,796] mo trang nopcommerce
[INFO ] [2021-06-02 15:14:16,817] click to register link
[INFO ] [2021-06-02 15:16:11,868] mo trang nopcommerce
[INFO ] [2021-06-02 15:16:11,876] click to register link
[INFO ] [2021-06-02 15:16:21,446]  -------------------------- FAILED -------------------------- 
[INFO ] [2021-06-02 15:16:27,750]  -------------------------- FAILED -------------------------- 
[INFO ] [2021-06-02 15:16:27,799]  -------------------------- FAILED -------------------------- 
[INFO ] [2021-06-02 15:16:37,953]  -------------------------- FAILED -------------------------- 
[INFO ] [2021-06-02 15:16:48,120]  -------------------------- PASSED -------------------------- 
[INFO ] [2021-06-02 15:17:46,548] mo trang nopcommerce
[INFO ] [2021-06-02 15:17:46,555] click to register link
[INFO ] [2021-06-02 15:17:54,073]  -------------------------- FAILED -------------------------- 
[INFO ] [2021-06-02 15:17:57,401]  -------------------------- FAILED -------------------------- 
[INFO ] [2021-06-02 15:17:57,442]  -------------------------- FAILED -------------------------- 
[INFO ] [2021-06-02 15:18:07,564]  -------------------------- FAILED -------------------------- 
[INFO ] [2021-06-02 15:18:17,687]  -------------------------- PASSED -------------------------- 
[INFO ] [2021-06-02 15:22:50,676] mo trang nopcommerce
[INFO ] [2021-06-02 15:22:50,685] click to register link
[INFO ] [2021-06-02 15:22:57,174]  -------------------------- FAILED -------------------------- 
[INFO ] [2021-06-02 15:36:36,602] mo trang nopcommerce
[INFO ] [2021-06-02 15:36:36,609] click to register link
[INFO ] [2021-06-02 15:36:43,767]  -------------------------- FAILED -------------------------- 
[INFO ] [2021-06-02 15:36:48,315]  -------------------------- FAILED -------------------------- 
[INFO ] [2021-06-02 15:36:48,365]  -------------------------- FAILED -------------------------- 
[INFO ] [2021-06-02 15:36:58,486]  -------------------------- FAILED -------------------------- 
[INFO ] [2021-06-02 15:37:08,585]  -------------------------- PASSED -------------------------- 
[INFO ] [2021-06-02 15:41:39,421] mo trang nopcommerce
[INFO ] [2021-06-02 15:41:39,429] click to register link
[INFO ] [2021-06-02 15:41:44,558]  -------------------------- FAILED -------------------------- 
[INFO ] [2021-06-02 15:41:48,128]  -------------------------- FAILED -------------------------- 
[INFO ] [2021-06-02 15:41:48,170]  -------------------------- FAILED -------------------------- 
[INFO ] [2021-06-02 15:41:58,303]  -------------------------- FAILED -------------------------- 
[INFO ] [2021-06-02 17:17:57,422] mo trang nopcommerce
[INFO ] [2021-06-02 17:17:57,429] click to register link
[INFO ] [2021-06-02 17:18:03,544]  -------------------------- FAILED -------------------------- 
[INFO ] [2021-06-02 17:18:08,102]  -------------------------- FAILED -------------------------- 
[INFO ] [2021-06-02 17:18:08,183]  -------------------------- FAILED -------------------------- 
[INFO ] [2021-06-02 17:18:18,370]  -------------------------- FAILED -------------------------- 
[INFO ] [2021-06-02 17:18:28,493]  -------------------------- PASSED -------------------------- 
[INFO ] [2021-06-03 11:04:10,352] mo trang nopcommerce
[INFO ] [2021-06-03 11:04:10,375] click to register link
[INFO ] [2021-06-03 11:04:17,118]  -------------------------- FAILED -------------------------- 
[INFO ] [2021-06-03 11:04:22,590]  -------------------------- FAILED -------------------------- 
[INFO ] [2021-06-03 11:04:22,635]  -------------------------- FAILED -------------------------- 
[INFO ] [2021-06-03 11:04:32,794]  -------------------------- FAILED -------------------------- 
[INFO ] [2021-06-03 11:04:42,916]  -------------------------- PASSED -------------------------- 
[INFO ] [2021-06-04 13:31:08,241] click to login link 
[INFO ] [2021-06-04 13:37:03,075] click to login link 
[INFO ] [2021-06-04 13:38:29,009] click to login link 
[INFO ] [2021-06-04 13:40:01,224] click to login link 
[INFO ] [2021-06-04 13:40:02,780] input email texbox tonybuoisang7289@hotmail.com
[INFO ] [2021-06-04 13:40:02,977] input passWord texbox tony123
[INFO ] [2021-06-04 13:40:03,128] click to login button 
[INFO ] [2021-06-04 13:40:05,932] verify my account link displayed 
[INFO ] [2021-06-04 13:40:06,016]  -------------------------- FAILED -------------------------- 
[INFO ] [2021-06-04 13:40:06,018] verify Logout link displayed 
[INFO ] [2021-06-04 13:40:06,074]  -------------------------- FAILED -------------------------- 
[INFO ] [2021-06-04 13:40:06,074] verify Regester Link UnDisplayed 
[INFO ] [2021-06-04 13:40:16,291]  -------------------------- FAILED -------------------------- 
[INFO ] [2021-06-04 13:40:16,292] verify Login link un 
[INFO ] [2021-06-04 13:40:26,418]  -------------------------- PASSED -------------------------- 
[INFO ] [2021-06-11 15:17:10,474]  -------------------------- PASSED -------------------------- 
[INFO ] [2021-06-11 15:17:43,920] OS name = windows 10
[INFO ] [2021-06-11 15:17:45,279] ---------- QUIT BROWSER SUCCESS ----------
[INFO ] [2021-06-11 15:29:55,821] Step 01 - click to register button
[INFO ] [2021-06-11 15:29:56,178] Step 02 - verify message error
[INFO ] [2021-06-11 15:29:56,290]  -------------------------- PASSED -------------------------- 
[INFO ] [2021-06-11 15:29:56,359]  -------------------------- PASSED -------------------------- 
[INFO ] [2021-06-11 15:29:56,437]  -------------------------- PASSED -------------------------- 
[INFO ] [2021-06-11 15:29:56,500]  -------------------------- PASSED -------------------------- 
[INFO ] [2021-06-11 15:29:56,561]  -------------------------- PASSED -------------------------- 
[INFO ] [2021-06-11 15:29:59,300]  -------------------------- PASSED -------------------------- 
[INFO ] [2021-06-11 15:30:00,019]  -------------------------- PASSED -------------------------- 
[INFO ] [2021-06-11 15:30:00,094]  -------------------------- PASSED -------------------------- 
[INFO ] [2021-06-11 15:30:00,790]  -------------------------- PASSED -------------------------- 
[INFO ] [2021-06-11 15:30:31,301] OS name = windows 10
[INFO ] [2021-06-11 15:30:32,498] ---------- QUIT BROWSER SUCCESS ----------
[INFO ] [2021-06-11 15:31:52,402] Step 01 - click to register button
[INFO ] [2021-06-11 15:31:52,757] Step 02 - verify message error
[INFO ] [2021-06-11 15:31:52,884]  -------------------------- PASSED -------------------------- 
[INFO ] [2021-06-11 15:31:52,967]  -------------------------- PASSED -------------------------- 
[INFO ] [2021-06-11 15:31:53,034]  -------------------------- PASSED -------------------------- 
[INFO ] [2021-06-11 15:31:53,109]  -------------------------- PASSED -------------------------- 
[INFO ] [2021-06-11 15:31:53,172]  -------------------------- PASSED -------------------------- 
[INFO ] [2021-06-11 15:31:55,882]  -------------------------- PASSED -------------------------- 
[INFO ] [2021-06-11 15:31:56,766]  -------------------------- PASSED -------------------------- 
[INFO ] [2021-06-11 15:31:56,829]  -------------------------- PASSED -------------------------- 
[INFO ] [2021-06-11 15:31:57,628]  -------------------------- PASSED -------------------------- 
[INFO ] [2021-06-11 15:32:00,436]  -------------------------- PASSED -------------------------- 
[INFO ] [2021-06-11 15:32:02,208] OS name = windows 10
[INFO ] [2021-06-11 15:32:03,484] ---------- QUIT BROWSER SUCCESS ----------
[INFO ] [2021-06-11 16:13:46,396] Step 01 - click to register button
[INFO ] [2021-06-11 16:13:46,768] Step 02 - verify message error
[INFO ] [2021-06-11 16:13:46,850]  -------------------------- PASSED -------------------------- 
[INFO ] [2021-06-11 16:13:46,921]  -------------------------- PASSED -------------------------- 
[INFO ] [2021-06-11 16:13:46,997]  -------------------------- PASSED -------------------------- 
[INFO ] [2021-06-11 16:13:47,077]  -------------------------- PASSED -------------------------- 
[INFO ] [2021-06-11 16:13:47,155]  -------------------------- PASSED -------------------------- 
[INFO ] [2021-06-11 16:13:49,937]  -------------------------- PASSED -------------------------- 
[INFO ] [2021-06-11 16:13:50,838]  -------------------------- PASSED -------------------------- 
[INFO ] [2021-06-11 16:13:50,912]  -------------------------- PASSED -------------------------- 
[INFO ] [2021-06-11 16:13:51,599]  -------------------------- PASSED -------------------------- 
[INFO ] [2021-06-11 16:13:54,548]  -------------------------- PASSED -------------------------- 
[INFO ] [2021-06-11 16:13:57,193] OS name = windows 10
[INFO ] [2021-06-11 16:13:58,496] ---------- QUIT BROWSER SUCCESS ----------
[INFO ] [2021-06-11 16:14:55,993]  -------------------------- PASSED -------------------------- 
[INFO ] [2021-06-11 16:14:56,546]  -------------------------- PASSED -------------------------- 
[INFO ] [2021-06-11 16:14:58,201]  -------------------------- FAILED -------------------------- 
[INFO ] [2021-06-11 16:14:58,270]  -------------------------- PASSED -------------------------- 
[INFO ] [2021-06-11 16:15:00,094]  -------------------------- FAILED -------------------------- 
[INFO ] [2021-06-11 16:15:00,175]  -------------------------- PASSED -------------------------- 
[INFO ] [2021-06-11 16:15:01,781]  -------------------------- FAILED -------------------------- 
[INFO ] [2021-06-11 16:15:01,852]  -------------------------- PASSED -------------------------- 
[INFO ] [2021-06-11 16:15:01,856] Step 01- input email texbox
[INFO ] [2021-06-11 16:15:02,040] Step 02- input passWord texbox
[INFO ] [2021-06-11 16:15:02,169] Step 03- click to login button 
[INFO ] [2021-06-11 16:15:04,231] Step 04-verify my account link displayed 
[INFO ] [2021-06-11 16:15:04,338]  -------------------------- PASSED -------------------------- 
[INFO ] [2021-06-11 16:15:04,338] Step 05-verify Logout link displayed 
[INFO ] [2021-06-11 16:15:04,382]  -------------------------- PASSED -------------------------- 
[INFO ] [2021-06-11 16:15:04,382] Step 06-verify Regester Link UnDisplayed 
[INFO ] [2021-06-11 16:15:14,523]  -------------------------- PASSED -------------------------- 
[INFO ] [2021-06-11 16:15:14,523] Step 07-verify Login link undisplayed 
[INFO ] [2021-06-11 16:15:24,645]  -------------------------- PASSED -------------------------- 
[INFO ] [2021-06-11 16:15:24,648] OS name = windows 10
[INFO ] [2021-06-11 16:15:26,459] ---------- QUIT BROWSER SUCCESS ----------
[INFO ] [2021-06-11 16:19:53,817]  -------------------------- PASSED -------------------------- 
[INFO ] [2021-06-11 16:19:54,421]  -------------------------- PASSED -------------------------- 
[INFO ] [2021-06-11 16:19:56,251]  -------------------------- FAILED -------------------------- 
[INFO ] [2021-06-11 16:19:56,322]  -------------------------- PASSED -------------------------- 
[INFO ] [2021-06-11 16:19:58,162]  -------------------------- FAILED -------------------------- 
[INFO ] [2021-06-11 16:19:58,251]  -------------------------- PASSED -------------------------- 
[INFO ] [2021-06-11 16:19:59,915]  -------------------------- FAILED -------------------------- 
[INFO ] [2021-06-11 16:20:00,024]  -------------------------- PASSED -------------------------- 
[INFO ] [2021-06-11 16:20:00,028] Step 01- input email texbox
[INFO ] [2021-06-11 16:20:00,217] Step 02- input passWord texbox
[INFO ] [2021-06-11 16:20:00,348] Step 03- click to login button 
[INFO ] [2021-06-11 16:20:02,287] Step 04-verify my account link displayed 
[INFO ] [2021-06-11 16:20:02,371]  -------------------------- PASSED -------------------------- 
[INFO ] [2021-06-11 16:20:02,372] Step 05-verify Logout link displayed 
[INFO ] [2021-06-11 16:20:02,422]  -------------------------- PASSED -------------------------- 
[INFO ] [2021-06-11 16:20:02,422] Step 06-verify Regester Link UnDisplayed 
[INFO ] [2021-06-11 16:20:12,568]  -------------------------- PASSED -------------------------- 
[INFO ] [2021-06-11 16:20:12,569] Step 07-verify Login link undisplayed 
[INFO ] [2021-06-11 16:20:22,720]  -------------------------- PASSED -------------------------- 
[INFO ] [2021-06-11 16:20:22,722] OS name = windows 10
[INFO ] [2021-06-11 16:20:24,020] ---------- QUIT BROWSER SUCCESS ----------
[INFO ] [2021-06-11 16:24:25,595]  -------------------------- PASSED -------------------------- 
[INFO ] [2021-06-11 16:24:26,198]  -------------------------- PASSED -------------------------- 
[INFO ] [2021-06-11 16:24:28,088]  -------------------------- PASSED -------------------------- 
[INFO ] [2021-06-11 16:24:29,146]  -------------------------- PASSED -------------------------- 
[INFO ] [2021-06-11 16:24:30,211]  -------------------------- PASSED -------------------------- 
[INFO ] [2021-06-11 16:24:30,215] Step 01- input email texbox
[INFO ] [2021-06-11 16:24:30,459] Step 02- input passWord texbox
[INFO ] [2021-06-11 16:24:30,619] Step 03- click to login button 
[INFO ] [2021-06-11 16:24:32,550] Step 04-verify my account link displayed 
[INFO ] [2021-06-11 16:24:32,633]  -------------------------- PASSED -------------------------- 
[INFO ] [2021-06-11 16:24:32,633] Step 05-verify Logout link displayed 
[INFO ] [2021-06-11 16:24:32,680]  -------------------------- PASSED -------------------------- 
[INFO ] [2021-06-11 16:24:32,680] Step 06-verify Regester Link UnDisplayed 
[INFO ] [2021-06-11 16:24:42,803]  -------------------------- PASSED -------------------------- 
[INFO ] [2021-06-11 16:24:42,804] Step 07-verify Login link undisplayed 
[INFO ] [2021-06-11 16:24:52,925]  -------------------------- PASSED -------------------------- 
[INFO ] [2021-06-11 16:24:52,928] OS name = windows 10
[INFO ] [2021-06-11 16:24:54,213] ---------- QUIT BROWSER SUCCESS ----------
[INFO ] [2021-06-11 17:12:50,928] OS name = windows 10
[INFO ] [2021-06-11 17:12:51,011] Tried to run command without establishing a connection
Build info: version: '3.141.59', revision: 'e82be7d358', time: '2018-11-14T08:25:53'
System info: host: 'DESKTOP-MC', ip: '192.168.109.2', os.name: 'Windows 10', os.arch: 'amd64', os.version: '10.0', java.version: '1.8.0_211'
Driver info: org.openqa.selenium.firefox.FirefoxDriver
Capabilities {acceptInsecureCerts: true, browserName: firefox, browserVersion: 78.0.2, javascriptEnabled: true, moz:accessibilityChecks: false, moz:buildID: 20200708170202, moz:geckodriverVersion: 0.26.0, moz:headless: false, moz:processID: 11900, moz:profile: C:\Users\Admin\AppData\Loca..., moz:shutdownTimeout: 60000, moz:useNonSpecCompliantPointerOrigin: false, moz:webdriverClick: true, pageLoadStrategy: normal, platform: WINDOWS, platformName: WINDOWS, platformVersion: 10.0, rotatable: false, setWindowRect: true, strictFileInteractability: false, timeouts: {implicit: 0, pageLoad: 300000, script: 30000}, unhandledPromptBehavior: dismiss and notify}
Session ID: be40d824-6a71-4c9d-8e50-3ef968088fc3
[INFO ] [2021-06-11 17:14:55,210]  -------------------------- FAILED -------------------------- 
[INFO ] [2021-06-11 17:14:55,301]  -------------------------- PASSED -------------------------- 
[INFO ] [2021-06-11 17:14:55,385]  -------------------------- PASSED -------------------------- 
[INFO ] [2021-06-11 17:14:55,531]  -------------------------- PASSED -------------------------- 
[INFO ] [2021-06-11 17:14:55,674]  -------------------------- PASSED -------------------------- 
[INFO ] [2021-06-11 17:14:56,262]  -------------------------- PASSED -------------------------- 
[INFO ] [2021-06-11 17:14:56,342]  -------------------------- PASSED -------------------------- 
[INFO ] [2021-06-11 17:14:56,371] OS name = windows 10
[INFO ] [2021-06-11 17:14:57,489] ---------- QUIT BROWSER SUCCESS ----------
[INFO ] [2021-06-12 13:02:03,421]  -------------------------- PASSED -------------------------- 
[INFO ] [2021-06-12 13:02:03,528]  -------------------------- PASSED -------------------------- 
[INFO ] [2021-06-12 13:02:03,607]  -------------------------- PASSED -------------------------- 
[INFO ] [2021-06-12 13:02:03,742]  -------------------------- PASSED -------------------------- 
[INFO ] [2021-06-12 13:02:03,877]  -------------------------- PASSED -------------------------- 
[INFO ] [2021-06-12 13:02:04,446]  -------------------------- PASSED -------------------------- 
[INFO ] [2021-06-12 13:02:04,529]  -------------------------- PASSED -------------------------- 
[INFO ] [2021-06-12 13:02:36,896] OS name = windows 10
[INFO ] [2021-06-12 13:02:38,296] ---------- QUIT BROWSER SUCCESS ----------
[INFO ] [2021-06-12 13:05:14,611]  -------------------------- PASSED -------------------------- 
[INFO ] [2021-06-12 13:05:14,710]  -------------------------- PASSED -------------------------- 
[INFO ] [2021-06-12 13:05:14,833]  -------------------------- PASSED -------------------------- 
[INFO ] [2021-06-12 13:05:14,989]  -------------------------- PASSED -------------------------- 
[INFO ] [2021-06-12 13:05:15,152]  -------------------------- PASSED -------------------------- 
[INFO ] [2021-06-12 13:05:15,680]  -------------------------- PASSED -------------------------- 
[INFO ] [2021-06-12 13:05:15,762]  -------------------------- PASSED -------------------------- 
[INFO ] [2021-06-12 13:06:13,806]  -------------------------- PASSED -------------------------- 
[INFO ] [2021-06-12 13:06:13,883]  -------------------------- PASSED -------------------------- 
[INFO ] [2021-06-12 13:06:13,966]  -------------------------- PASSED -------------------------- 
[INFO ] [2021-06-12 13:06:14,090]  -------------------------- PASSED -------------------------- 
[INFO ] [2021-06-12 13:06:14,217]  -------------------------- PASSED -------------------------- 
[INFO ] [2021-06-12 13:06:14,723]  -------------------------- PASSED -------------------------- 
[INFO ] [2021-06-12 13:06:14,807]  -------------------------- PASSED -------------------------- 
[INFO ] [2021-06-12 13:06:17,576] OS name = windows 10
[INFO ] [2021-06-12 13:06:18,689] ---------- QUIT BROWSER SUCCESS ----------
[INFO ] [2021-06-12 13:07:54,423]  -------------------------- PASSED -------------------------- 
[INFO ] [2021-06-12 13:07:54,509]  -------------------------- PASSED -------------------------- 
[INFO ] [2021-06-12 13:07:54,588]  -------------------------- PASSED -------------------------- 
[INFO ] [2021-06-12 13:07:54,721]  -------------------------- PASSED -------------------------- 
[INFO ] [2021-06-12 13:07:54,860]  -------------------------- PASSED -------------------------- 
[INFO ] [2021-06-12 13:07:55,447]  -------------------------- PASSED -------------------------- 
[INFO ] [2021-06-12 13:07:55,522]  -------------------------- PASSED -------------------------- 
[INFO ] [2021-06-12 13:07:59,280] OS name = windows 10
[INFO ] [2021-06-12 13:08:00,390] ---------- QUIT BROWSER SUCCESS ----------
[INFO ] [2021-06-12 13:11:38,611] OS name = windows 10
[INFO ] [2021-06-12 13:11:39,546] Failed to decode response from marionette
Build info: version: '3.141.59', revision: 'e82be7d358', time: '2018-11-14T08:25:53'
System info: host: 'DESKTOP-MC', ip: '192.168.109.2', os.name: 'Windows 10', os.arch: 'amd64', os.version: '10.0', java.version: '1.8.0_211'
Driver info: org.openqa.selenium.firefox.FirefoxDriver
Capabilities {acceptInsecureCerts: true, browserName: firefox, browserVersion: 78.0.2, javascriptEnabled: true, moz:accessibilityChecks: false, moz:buildID: 20200708170202, moz:geckodriverVersion: 0.26.0, moz:headless: false, moz:processID: 12128, moz:profile: C:\Users\Admin\AppData\Loca..., moz:shutdownTimeout: 60000, moz:useNonSpecCompliantPointerOrigin: false, moz:webdriverClick: true, pageLoadStrategy: normal, platform: WINDOWS, platformName: WINDOWS, platformVersion: 10.0, rotatable: false, setWindowRect: true, strictFileInteractability: false, timeouts: {implicit: 0, pageLoad: 300000, script: 30000}, unhandledPromptBehavior: dismiss and notify}
Session ID: bc170b37-ce8a-42e8-98bf-5cc747fd08c4
[INFO ] [2021-06-12 13:12:52,627] OS name = windows 10
[INFO ] [2021-06-12 13:12:53,457] Failed to decode response from marionette
Build info: version: '3.141.59', revision: 'e82be7d358', time: '2018-11-14T08:25:53'
System info: host: 'DESKTOP-MC', ip: '192.168.109.2', os.name: 'Windows 10', os.arch: 'amd64', os.version: '10.0', java.version: '1.8.0_211'
Driver info: org.openqa.selenium.firefox.FirefoxDriver
Capabilities {acceptInsecureCerts: true, browserName: firefox, browserVersion: 78.0.2, javascriptEnabled: true, moz:accessibilityChecks: false, moz:buildID: 20200708170202, moz:geckodriverVersion: 0.26.0, moz:headless: false, moz:processID: 9652, moz:profile: C:\Users\Admin\AppData\Loca..., moz:shutdownTimeout: 60000, moz:useNonSpecCompliantPointerOrigin: false, moz:webdriverClick: true, pageLoadStrategy: normal, platform: WINDOWS, platformName: WINDOWS, platformVersion: 10.0, rotatable: false, setWindowRect: true, strictFileInteractability: false, timeouts: {implicit: 0, pageLoad: 300000, script: 30000}, unhandledPromptBehavior: dismiss and notify}
Session ID: fc63a85e-54eb-45d5-8132-b481ca642fe6
[INFO ] [2021-06-12 14:15:52,694]  -------------------------- PASSED -------------------------- 
[INFO ] [2021-06-12 14:15:52,801]  -------------------------- PASSED -------------------------- 
[INFO ] [2021-06-12 14:15:52,878]  -------------------------- PASSED -------------------------- 
[INFO ] [2021-06-12 14:15:53,007]  -------------------------- PASSED -------------------------- 
[INFO ] [2021-06-12 14:15:53,131]  -------------------------- PASSED -------------------------- 
[INFO ] [2021-06-12 14:15:53,674]  -------------------------- PASSED -------------------------- 
[INFO ] [2021-06-12 14:15:53,751]  -------------------------- PASSED -------------------------- 
[INFO ] [2021-06-12 14:15:57,993]  -------------------------- FAILED -------------------------- 
[INFO ] [2021-06-12 14:15:58,071]  -------------------------- FAILED -------------------------- 
[INFO ] [2021-06-12 14:15:58,149]  -------------------------- FAILED -------------------------- 
[INFO ] [2021-06-12 14:15:58,224]  -------------------------- FAILED -------------------------- 
[INFO ] [2021-06-12 14:15:58,299]  -------------------------- PASSED -------------------------- 
[INFO ] [2021-06-12 14:15:58,362]  -------------------------- PASSED -------------------------- 
[INFO ] [2021-06-12 14:15:58,423]  -------------------------- PASSED -------------------------- 
[INFO ] [2021-06-12 14:15:58,437] OS name = windows 10
[INFO ] [2021-06-12 14:15:59,709] ---------- QUIT BROWSER SUCCESS ----------
[INFO ] [2021-06-12 14:19:15,276]  -------------------------- PASSED -------------------------- 
[INFO ] [2021-06-12 14:19:15,353]  -------------------------- PASSED -------------------------- 
[INFO ] [2021-06-12 14:19:15,434]  -------------------------- PASSED -------------------------- 
[INFO ] [2021-06-12 14:19:15,562]  -------------------------- PASSED -------------------------- 
[INFO ] [2021-06-12 14:19:15,712]  -------------------------- PASSED -------------------------- 
[INFO ] [2021-06-12 14:19:16,334]  -------------------------- PASSED -------------------------- 
[INFO ] [2021-06-12 14:19:16,419]  -------------------------- PASSED -------------------------- 
[INFO ] [2021-06-12 14:19:23,109]  -------------------------- PASSED -------------------------- 
[INFO ] [2021-06-12 14:19:23,173]  -------------------------- PASSED -------------------------- 
[INFO ] [2021-06-12 14:19:23,251]  -------------------------- PASSED -------------------------- 
[INFO ] [2021-06-12 14:19:23,313]  -------------------------- PASSED -------------------------- 
[INFO ] [2021-06-12 14:19:23,375]  -------------------------- PASSED -------------------------- 
[INFO ] [2021-06-12 14:19:23,437]  -------------------------- PASSED -------------------------- 
[INFO ] [2021-06-12 14:19:23,500]  -------------------------- PASSED -------------------------- 
[INFO ] [2021-06-12 14:19:23,509] OS name = windows 10
[INFO ] [2021-06-12 14:19:24,715] ---------- QUIT BROWSER SUCCESS ----------
[INFO ] [2021-06-12 14:51:58,299] OS name = windows 10
[INFO ] [2021-06-12 14:51:58,301] 
[INFO ] [2021-06-12 14:52:29,377] OS name = windows 10
[INFO ] [2021-06-12 14:52:29,378] 
[INFO ] [2021-06-12 14:53:32,597] OS name = windows 10
[INFO ] [2021-06-12 14:53:33,430] Failed to decode response from marionette
Build info: version: '3.141.59', revision: 'e82be7d358', time: '2018-11-14T08:25:53'
System info: host: 'DESKTOP-MC', ip: '192.168.109.2', os.name: 'Windows 10', os.arch: 'amd64', os.version: '10.0', java.version: '1.8.0_211'
Driver info: org.openqa.selenium.firefox.FirefoxDriver
Capabilities {acceptInsecureCerts: true, browserName: firefox, browserVersion: 78.0.2, javascriptEnabled: true, moz:accessibilityChecks: false, moz:buildID: 20200708170202, moz:geckodriverVersion: 0.26.0, moz:headless: false, moz:processID: 3152, moz:profile: C:\Users\Admin\AppData\Loca..., moz:shutdownTimeout: 60000, moz:useNonSpecCompliantPointerOrigin: false, moz:webdriverClick: true, pageLoadStrategy: normal, platform: WINDOWS, platformName: WINDOWS, platformVersion: 10.0, rotatable: false, setWindowRect: true, strictFileInteractability: false, timeouts: {implicit: 0, pageLoad: 300000, script: 30000}, unhandledPromptBehavior: dismiss and notify}
Session ID: 40b6c6cd-7ba9-4d9e-8f7c-9df3b631a5ca
